Build started 2017/02/25 17:17:59.
     1>Project "C:\Users\number13\Documents\GitHub\SKDX\D3D11_Framework_000\D3D11_Framework_000.vcxproj" on node 2 (Build target(s)).
     1>ClCompile:
         C:\Program Files (x86)\Microsoft Visual Studio 12.0\VC\bin\CL.exe /c /ZI /nologo /W3 /WX- /sdl /Od /Oy- /D _MBCS /Gm /EHsc /RTC1 /MDd /GS /fp:precise /Zc:wchar_t /Zc:forScope /Fo"Debug\\" /Fd"Debug\vc120.pdb" /Gd /TP /analyze- /errorReport:prompt Application.cpp Graphics.cpp
         Graphics.cpp
         Generating Code...
         Compiling...
         Application.cpp
         Generating Code...
       Link:
         C:\Program Files (x86)\Microsoft Visual Studio 12.0\VC\bin\link.exe /ERRORREPORT:PROMPT /OUT:"C:\Users\number13\Documents\GitHub\SKDX\Debug\D3D11_Framework_000.exe" /INCREMENTAL /NOLOGO kernel32.lib user32.lib gdi32.lib winspool.lib comdlg32.lib advapi32.lib shell32.lib ole32.lib oleaut32.lib uuid.lib odbc32.lib odbccp32.lib /MANIFEST /MANIFESTUAC:"level='asInvoker' uiAccess='false'" /manifest:embed /DEBUG /PDB:"C:\Users\number13\Documents\GitHub\SKDX\Debug\D3D11_Framework_000.pdb" /TLBID:1 /DYNAMICBASE /NXCOMPAT /IMPLIB:"C:\Users\number13\Documents\GitHub\SKDX\Debug\D3D11_Framework_000.lib" /MACHINE:X86 Debug\Application.obj
         Debug\Graphics.obj
         Debug\Main.obj
         Debug\Framework.obj
         Debug\Math.obj
         Debug\Matrix.obj
         Debug\Quaternion.obj
         Debug\Vector.obj
         D3D11_Framework_000.vcxproj -> C:\Users\number13\Documents\GitHub\SKDX\Debug\D3D11_Framework_000.exe
     1>Done Building Project "C:\Users\number13\Documents\GitHub\SKDX\D3D11_Framework_000\D3D11_Framework_000.vcxproj" (Build target(s)).

Build succeeded.

Time Elapsed 00:00:02.30
